<?xml version="1.0" encoding="UTF-8"?>
<!-- Generated by org.testng.reporters.JUnitReportReporter -->
<testsuite hostname="FFE-Shon-Antony-FFE252" failures="0" tests="1" name="methods.Patch_method" time="3.773" errors="0" timestamp="2025-03-11T10:35:00 IST" skipped="0">
  <testcase classname="methods.Patch_method" name="BDDTest" time="3.773"/>
  <system-out/>
</testsuite> <!-- methods.Patch_method -->
