<?xml version="1.0" encoding="UTF-8"?>
<!-- Generated by org.testng.reporters.JUnitReportReporter -->
<testsuite hostname="FFE-Shon-Antony-FFE252" failures="0" tests="1" name="methods.Get_method" time="1.826" errors="0" timestamp="2025-03-14T12:33:18 IST" skipped="0">
  <testcase classname="methods.Get_method" name="BDDTest" time="1.826"/>
  <system-out/>
</testsuite> <!-- methods.Get_method -->
