<?xml version="1.0" encoding="UTF-8"?>
<!-- Generated by org.testng.reporters.JUnitReportReporter -->
<testsuite hostname="FFE-Shon-Antony-FFE252" failures="0" tests="3" name="methods.LogMultipleTestsIntoOneFile" time="4.305" errors="0" timestamp="2025-03-18T18:01:14 IST" skipped="0">
  <testcase classname="methods.LogMultipleTestsIntoOneFile" name="test3" time="0.461"/>
  <system-out/>
  <testcase classname="methods.LogMultipleTestsIntoOneFile" name="test1" time="3.335"/>
  <system-out/>
  <testcase classname="methods.LogMultipleTestsIntoOneFile" name="test2" time="0.509"/>
  <system-out/>
</testsuite> <!-- methods.LogMultipleTestsIntoOneFile -->
