<?xml version="1.0" encoding="UTF-8"?>
<!-- Generated by org.testng.reporters.JUnitReportReporter -->
<testsuite hostname="FFE-Shon-Antony-FFE252" failures="0" tests="1" name="methods.JsonPathUtility" time="1.301" errors="0" timestamp="2025-03-17T16:17:55 IST" skipped="0">
  <testcase classname="methods.JsonPathUtility" name="jsonPath" time="1.301"/>
  <system-out/>
</testsuite> <!-- methods.JsonPathUtility -->
