<?xml version="1.0" encoding="UTF-8"?>
<!-- Generated by org.testng.reporters.JUnitReportReporter -->
<testsuite hostname="FFE-Shon-Antony-FFE252" failures="0" tests="1" name="methods.JSON_array" time="0.011" errors="0" timestamp="2025-03-11T17:50:06 IST" skipped="0">
  <testcase classname="methods.JSON_array" name="test" time="0.011"/>
  <system-out/>
</testsuite> <!-- methods.JSON_array -->
