<?xml version="1.0" encoding="UTF-8"?>
<!-- Generated by org.testng.reporters.JUnitReportReporter -->
<testsuite hostname="FFE-Shon-Antony-FFE252" failures="0" tests="1" name="methods.Response_header" time="3.143" errors="0" timestamp="2025-03-26T13:02:44 IST" skipped="0">
  <testcase classname="methods.Response_header" name="headerTest" time="3.143"/>
  <system-out/>
</testsuite> <!-- methods.Response_header -->
