<?xml version="1.0" encoding="UTF-8"?>
<!-- Generated by org.testng.reporters.JUnitReportReporter -->
<testsuite hostname="FFE-Shon-Antony-FFE252" failures="0" tests="1" name="methods.Get_method" time="2.309" errors="0" timestamp="2025-03-10T11:39:36 IST" skipped="0">
  <testcase classname="methods.Get_method" name="test1" time="2.309"/>
  <system-out/>
</testsuite> <!-- methods.Get_method -->
