<?xml version="1.0" encoding="UTF-8"?>
<!-- Generated by org.testng.reporters.JUnitReportReporter -->
<testsuite hostname="FFE-Shon-Antony-FFE252" failures="0" tests="1" name="methods.LoggingInRestAssured" time="1.682" errors="0" timestamp="2025-03-17T18:14:15 IST" skipped="0">
  <testcase classname="methods.LoggingInRestAssured" name="logOnTextFile" time="1.682"/>
  <system-out/>
</testsuite> <!-- methods.LoggingInRestAssured -->
