<?xml version="1.0" encoding="UTF-8"?>
<!-- Generated by org.testng.reporters.JUnitReportReporter -->
<testsuite hostname="FFE-Shon-Antony-FFE252" failures="0" tests="1" name="methods.Delete_method" time="1.583" errors="0" timestamp="2025-03-10T16:17:51 IST" skipped="0">
  <testcase classname="methods.Delete_method" name="BDDTest" time="1.583"/>
  <system-out/>
</testsuite> <!-- methods.Delete_method -->
