<?xml version="1.0" encoding="UTF-8"?>
<!-- Generated by org.testng.reporters.JUnitReportReporter -->
<testsuite hostname="FFE-Shon-Antony-FFE252" failures="0" tests="1" name="methods.Post_method_using_Map" time="3.992" errors="0" timestamp="2025-03-11T15:03:14 IST" skipped="0">
  <testcase classname="methods.Post_method_using_Map" name="BDDTest" time="3.992"/>
  <system-out/>
</testsuite> <!-- methods.Post_method_using_Map -->
