<?xml version="1.0" encoding="UTF-8"?>
<!-- Generated by org.testng.reporters.JUnitReportReporter -->
<testsuite hostname="FFE-Shon-Antony-FFE252" failures="0" tests="1" name="methods.Response_Time_validation" time="5.331" errors="0" timestamp="2025-03-26T10:23:48 IST" skipped="0">
  <testcase classname="methods.Response_Time_validation" name="timeTest" time="5.331"/>
  <system-out/>
</testsuite> <!-- methods.Response_Time_validation -->
