<?xml version="1.0" encoding="UTF-8"?>
<!-- Generated by org.testng.reporters.JUnitReportReporter -->
<testsuite hostname="FFE-Shon-Antony-FFE252" failures="0" tests="1" name="methods.Put_method" time="2.151" errors="0" timestamp="2025-03-10T16:04:57 IST" skipped="0">
  <testcase classname="methods.Put_method" name="BDDTest" time="2.151"/>
  <system-out/>
</testsuite> <!-- methods.Put_method -->
