<?xml version="1.0" encoding="UTF-8"?>
<!-- Generated by org.testng.reporters.JUnitReportReporter -->
<testsuite hostname="FFE-Shon-Antony-FFE252" failures="0" tests="1" name="methods.BasicAuth" time="4.141" errors="0" timestamp="2025-03-20T17:55:03 IST" skipped="0">
  <testcase classname="methods.BasicAuth" name="basicAuth" time="4.141"/>
  <system-out/>
</testsuite> <!-- methods.BasicAuth -->
