<?xml version="1.0" encoding="UTF-8"?>
<!-- Generated by org.testng.reporters.JUnitReportReporter -->
<testsuite hostname="FFE-Shon-Antony-FFE252" failures="0" tests="1" name="methods.Post_using_JSON_object" time="3.755" errors="0" timestamp="2025-03-11T12:53:14 IST" skipped="0">
  <testcase classname="methods.Post_using_JSON_object" name="BDDtest" time="3.755"/>
  <system-out/>
</testsuite> <!-- methods.Post_using_JSON_object -->
