<?xml version="1.0" encoding="UTF-8"?>
<!-- Generated by org.testng.reporters.JUnitReportReporter -->
<testsuite hostname="FFE-Shon-Antony-FFE252" failures="0" tests="1" name="methods.JsonOrXmlFilePayload" time="2.015" errors="0" timestamp="2025-03-17T17:30:21 IST" skipped="0">
  <testcase classname="methods.JsonOrXmlFilePayload" name="jsonPayload" time="2.015"/>
  <system-out/>
</testsuite> <!-- methods.JsonOrXmlFilePayload -->
