<?xml version="1.0" encoding="UTF-8"?>
<!-- Generated by org.testng.reporters.JUnitReportReporter -->
<testsuite hostname="FFE-Shon-Antony-FFE252" failures="0" tests="1" name="methods.PrettyPrint" time="0.027" errors="0" timestamp="2025-03-12T10:41:58 IST" skipped="0">
  <testcase classname="methods.PrettyPrint" name="test" time="0.027"/>
  <system-out/>
</testsuite> <!-- methods.PrettyPrint -->
