<?xml version="1.0" encoding="UTF-8"?>
<!-- Generated by org.testng.reporters.JUnitReportReporter -->
<testsuite hostname="FFE-Shon-Antony-FFE252" failures="0" tests="1" name="methods.Post_method" time="5.485" errors="0" timestamp="2025-03-10T14:32:09 IST" skipped="0">
  <testcase classname="methods.Post_method" name="BDDtest" time="5.485"/>
  <system-out/>
</testsuite> <!-- methods.Post_method -->
